0 info it worked if it ends with ok
1 verbose cli [ '/usr/bin/node', '/usr/bin/npm', 'install', 'lodash' ]
2 info using npm@1.4.28
3 info using node@v0.10.37
4 verbose node symlink /usr/bin/node
5 verbose cache add [ 'lodash', null ]
6 verbose cache add name=undefined spec="lodash" args=["lodash",null]
7 verbose parsed url { protocol: null,
7 verbose parsed url   slashes: null,
7 verbose parsed url   auth: null,
7 verbose parsed url   host: null,
7 verbose parsed url   port: null,
7 verbose parsed url   hostname: null,
7 verbose parsed url   hash: null,
7 verbose parsed url   search: null,
7 verbose parsed url   query: null,
7 verbose parsed url   pathname: 'lodash',
7 verbose parsed url   path: 'lodash',
7 verbose parsed url   href: 'lodash' }
8 silly lockFile 901466a5-lodash lodash
9 verbose lock lodash /home/al/.npm/901466a5-lodash.lock
10 silly lockFile 901466a5-lodash lodash
11 silly lockFile 901466a5-lodash lodash
12 verbose addNamed [ 'lodash', '' ]
13 verbose addNamed [ null, '*' ]
14 silly lockFile f856e425-lodash lodash@
15 verbose lock lodash@ /home/al/.npm/f856e425-lodash.lock
16 silly addNameRange { name: 'lodash', range: '*', hasData: false }
17 verbose request where is /lodash
18 verbose request registry https://registry.npmjs.org/
19 verbose request id 18ae6b4d58ba6290
20 verbose url raw /lodash
21 verbose url resolving [ 'https://registry.npmjs.org/', './lodash' ]
22 verbose url resolved https://registry.npmjs.org/lodash
23 verbose request where is https://registry.npmjs.org/lodash
24 info trying registry request attempt 1 at 04:40:59
25 verbose etag "E4DP74J7ITB2FA0EV93LYDL0I"
26 http GET https://registry.npmjs.org/lodash
27 info retry will retry, error on last attempt: Error: connect EHOSTUNREACH
28 info trying registry request attempt 2 at 04:41:09
29 verbose etag "E4DP74J7ITB2FA0EV93LYDL0I"
30 http GET https://registry.npmjs.org/lodash
31 http 200 https://registry.npmjs.org/lodash
32 silly registry.get cb [ 200,
32 silly registry.get   { date: 'Thu, 02 Apr 2015 02:41:10 GMT',
32 silly registry.get     server: 'CouchDB/1.5.0 (Erlang OTP/R16B03)',
32 silly registry.get     etag: '"E7XWKO419FWXXBJSQ1PCYFGV6"',
32 silly registry.get     'content-type': 'application/json',
32 silly registry.get     'cache-control': 'max-age=60',
32 silly registry.get     'content-length': '90560',
32 silly registry.get     'accept-ranges': 'bytes',
32 silly registry.get     via: '1.1 varnish',
32 silly registry.get     age: '21',
32 silly registry.get     'x-served-by': 'cache-fra1231-FRA',
32 silly registry.get     'x-cache': 'HIT',
32 silly registry.get     'x-cache-hits': '1',
32 silly registry.get     'x-timer': 'S1427942470.001622,VS0,VE0',
32 silly registry.get     vary: 'Accept',
32 silly registry.get     'keep-alive': 'timeout=10, max=50',
32 silly registry.get     connection: 'Keep-Alive' } ]
33 silly addNameRange number 2 { name: 'lodash', range: '*', hasData: true }
34 silly addNameRange versions [ 'lodash',
34 silly addNameRange   [ '0.1.0',
34 silly addNameRange     '0.2.0',
34 silly addNameRange     '0.2.1',
34 silly addNameRange     '0.2.2',
34 silly addNameRange     '0.3.0',
34 silly addNameRange     '0.3.1',
34 silly addNameRange     '0.3.2',
34 silly addNameRange     '0.4.0',
34 silly addNameRange     '0.4.1',
34 silly addNameRange     '0.4.2',
34 silly addNameRange     '0.5.0-rc.1',
34 silly addNameRange     '0.5.0',
34 silly addNameRange     '0.5.1',
34 silly addNameRange     '0.5.2',
34 silly addNameRange     '0.6.0',
34 silly addNameRange     '0.6.1',
34 silly addNameRange     '0.7.0',
34 silly addNameRange     '0.8.0',
34 silly addNameRange     '0.8.1',
34 silly addNameRange     '0.8.2',
34 silly addNameRange     '0.9.0',
34 silly addNameRange     '0.9.1',
34 silly addNameRange     '0.9.2',
34 silly addNameRange     '0.10.0',
34 silly addNameRange     '1.0.0-rc.1',
34 silly addNameRange     '1.0.0-rc.2',
34 silly addNameRange     '1.0.0-rc.3',
34 silly addNameRange     '1.0.0',
34 silly addNameRange     '1.0.1',
34 silly addNameRange     '1.1.0',
34 silly addNameRange     '1.1.1',
34 silly addNameRange     '1.2.0',
34 silly addNameRange     '1.2.1',
34 silly addNameRange     '1.3.0',
34 silly addNameRange     '1.3.1',
34 silly addNameRange     '2.0.0',
34 silly addNameRange     '2.1.0',
34 silly addNameRange     '2.2.0',
34 silly addNameRange     '2.2.1',
34 silly addNameRange     '2.3.0',
34 silly addNameRange     '2.4.0',
34 silly addNameRange     '2.4.1',
34 silly addNameRange     '3.0.0',
34 silly addNameRange     '3.0.1',
34 silly addNameRange     '3.1.0',
34 silly addNameRange     '3.2.0',
34 silly addNameRange     '3.3.0',
34 silly addNameRange     '3.3.1',
34 silly addNameRange     '3.4.0',
34 silly addNameRange     '3.5.0',
34 silly addNameRange     '3.6.0',
34 silly addNameRange     '1.0.2' ] ]
35 verbose addNamed [ 'lodash', '3.6.0' ]
36 verbose addNamed [ '3.6.0', '3.6.0' ]
37 silly lockFile c203a9ef-lodash-3-6-0 lodash@3.6.0
38 verbose lock lodash@3.6.0 /home/al/.npm/c203a9ef-lodash-3-6-0.lock
39 silly lockFile a6e5886b-pmjs-org-lodash-lodash-3-6-0-tgz https://registry.npmjs.org/lodash/-/lodash-3.6.0.tgz
40 verbose lock https://registry.npmjs.org/lodash/-/lodash-3.6.0.tgz /home/al/.npm/a6e5886b-pmjs-org-lodash-lodash-3-6-0-tgz.lock
41 verbose addRemoteTarball [ 'https://registry.npmjs.org/lodash/-/lodash-3.6.0.tgz',
41 verbose addRemoteTarball   '5266a8f49dd989be4f9f681b6f2a0c55285d0d9a' ]
42 info retry fetch attempt 1 at 04:41:10
43 verbose fetch to= /tmp/npm-5467-sdFAcnF8/registry.npmjs.org/lodash/-/lodash-3.6.0.tgz
44 http GET https://registry.npmjs.org/lodash/-/lodash-3.6.0.tgz
45 http 200 https://registry.npmjs.org/lodash/-/lodash-3.6.0.tgz
46 silly lockFile a6e5886b-pmjs-org-lodash-lodash-3-6-0-tgz https://registry.npmjs.org/lodash/-/lodash-3.6.0.tgz
47 silly lockFile a6e5886b-pmjs-org-lodash-lodash-3-6-0-tgz https://registry.npmjs.org/lodash/-/lodash-3.6.0.tgz
48 silly lockFile c203a9ef-lodash-3-6-0 lodash@3.6.0
49 silly lockFile c203a9ef-lodash-3-6-0 lodash@3.6.0
50 silly lockFile f856e425-lodash lodash@
51 silly lockFile f856e425-lodash lodash@
52 error Error: EACCES, mkdir '/home/al/.npm/lodash/3.6.0'
52 error  { [Error: EACCES, mkdir '/home/al/.npm/lodash/3.6.0'] errno: 3, code: 'EACCES', path: '/home/al/.npm/lodash/3.6.0' }
53 error Please try running this command again as root/Administrator.
54 error System Linux 3.13.0-48-generic
55 error command "/usr/bin/node" "/usr/bin/npm" "install" "lodash"
56 error cwd /home/al/git/caradali
57 error node -v v0.10.37
58 error npm -v 1.4.28
59 error path /home/al/.npm/lodash/3.6.0
60 error code EACCES
61 error errno 3
62 error stack Error: EACCES, mkdir '/home/al/.npm/lodash/3.6.0'
63 verbose exit [ 3, true ]
